<?xml version="1.0" encoding="UTF-8" ?>
<testsuite failures="1" time="0.007" errors="0" skipped="0" tests="75" name="org.apache.commons.lang3.math.NumberUtilsTest">
  <properties>
[...]
</properties>
  <testcase time="0.002" classname="org.apache.commons.lang3.math.NumberUtilsTest" name="testConstructor"/>
  <testcase time="0" classname="org.apache.commons.lang3.math.NumberUtilsTest" name="testToIntString"/>
  <testcase time="0" classname="org.apache.commons.lang3.math.NumberUtilsTest" name="testToIntStringI"/>
  <testcase time="0" classname="org.apache.commons.lang3.math.NumberUtilsTest" name="testToLongString"/>
  <testcase time="0" classname="org.apache.commons.lang3.math.NumberUtilsTest" name="testToLongStringL"/>
  <testcase time="0.001" classname="org.apache.commons.lang3.math.NumberUtilsTest" name="testToFloatString"/>
  <testcase time="0" classname="org.apache.commons.lang3.math.NumberUtilsTest" name="testToFloatStringF"/>
  <testcase time="0" classname="org.apache.commons.lang3.math.NumberUtilsTest" name="testStringToDoubleString"/>
  <testcase time="0" classname="org.apache.commons.lang3.math.NumberUtilsTest" name="testStringToDoubleStringD"/>
  <testcase time="0" classname="org.apache.commons.lang3.math.NumberUtilsTest" name="testToByteString"/>
  <testcase time="0" classname="org.apache.commons.lang3.math.NumberUtilsTest" name="testToByteStringI"/>
  <testcase time="0" classname="org.apache.commons.lang3.math.NumberUtilsTest" name="testToShortString"/>
  <testcase time="0" classname="org.apache.commons.lang3.math.NumberUtilsTest" name="testToShortStringI"/>
  <testcase time="0.003" classname="org.apache.commons.lang3.math.NumberUtilsTest" name="testCreateNumber">
    <failure message="Expected NumberFormatException" type="java.lang.AssertionError">java.lang.AssertionError: Expected NumberFormatException
	at org.junit.Assert.fail(Assert.java:93)
	at org.apache.commons.lang3.math.NumberUtilsTest.testCreateNumber(NumberUtilsTest.java:242)
	at sun.reflect.NativeMethodAccessorImpl.invoke0(Native Method)
	at sun.reflect.NativeMethodAccessorImpl.invoke(NativeMethodAccessorImpl.java:57)
	at sun.reflect.DelegatingMethodAccessorImpl.invoke(DelegatingMethodAccessorImpl.java:43)
	at java.lang.reflect.Method.invoke(Method.java:606)
	at org.junit.runners.model.FrameworkMethod$1.runReflectiveCall(FrameworkMethod.java:45)
	at org.junit.internal.runners.model.ReflectiveCallable.run(ReflectiveCallable.java:15)
	at org.junit.runners.model.FrameworkMethod.invokeExplosively(FrameworkMethod.java:42)
	at org.junit.internal.runners.statements.InvokeMethod.evaluate(InvokeMethod.java:20)
	at org.junit.runners.ParentRunner.runLeaf(ParentRunner.java:263)
	at org.junit.runners.BlockJUnit4ClassRunner.runChild(BlockJUnit4ClassRunner.java:68)
	at org.junit.runners.BlockJUnit4ClassRunner.runChild(BlockJUnit4ClassRunner.java:47)
	at org.junit.runners.ParentRunner$3.run(ParentRunner.java:231)
	at org.junit.runners.ParentRunner$1.schedule(ParentRunner.java:60)
	at org.junit.runners.ParentRunner.runChildren(ParentRunner.java:229)
	at org.junit.runners.ParentRunner.access$000(ParentRunner.java:50)
	at org.junit.runners.ParentRunner$2.evaluate(ParentRunner.java:222)
	at org.junit.runners.ParentRunner.run(ParentRunner.java:300)
	at org.apache.maven.surefire.junit4.JUnit4Provider.execute(JUnit4Provider.java:252)
	at org.apache.maven.surefire.junit4.JUnit4Provider.executeTestSet(JUnit4Provider.java:141)
	at org.apache.maven.surefire.junit4.JUnit4Provider.invoke(JUnit4Provider.java:112)
	at sun.reflect.NativeMethodAccessorImpl.invoke0(Native Method)
	at sun.reflect.NativeMethodAccessorImpl.invoke(NativeMethodAccessorImpl.java:57)
	at sun.reflect.DelegatingMethodAccessorImpl.invoke(DelegatingMethodAccessorImpl.java:43)
	at java.lang.reflect.Method.invoke(Method.java:606)
	at org.apache.maven.surefire.util.ReflectionUtils.invokeMethodWithArray(ReflectionUtils.java:189)
	at org.apache.maven.surefire.booter.ProviderFactory$ProviderProxy.invoke(ProviderFactory.java:165)
	at org.apache.maven.surefire.booter.ProviderFactory.invokeProvider(ProviderFactory.java:85)
	at org.apache.maven.surefire.booter.ForkedBooter.runSuitesInProcess(ForkedBooter.java:115)
	at org.apache.maven.surefire.booter.ForkedBooter.main(ForkedBooter.java:75)
</failure>
  </testcase>
  <testcase time="0" classname="org.apache.commons.lang3.math.NumberUtilsTest" name="testCreateFloat"/>
  <testcase time="0" classname="org.apache.commons.lang3.math.NumberUtilsTest" name="testCreateDouble"/>
  <testcase time="0" classname="org.apache.commons.lang3.math.NumberUtilsTest" name="testCreateInteger"/>
  <testcase time="0" classname="org.apache.commons.lang3.math.NumberUtilsTest" name="testCreateLong"/>
  <testcase time="0" classname="org.apache.commons.lang3.math.NumberUtilsTest" name="testCreateBigInteger"/>
  <testcase time="0" classname="org.apache.commons.lang3.math.NumberUtilsTest" name="testCreateBigDecimal"/>
  <testcase time="0" classname="org.apache.commons.lang3.math.NumberUtilsTest" name="testMinLong_nullArray"/>
  <testcase time="0" classname="org.apache.commons.lang3.math.NumberUtilsTest" name="testMinLong_emptyArray"/>
  <testcase time="0" classname="org.apache.commons.lang3.math.NumberUtilsTest" name="testMinLong"/>
  <testcase time="0" classname="org.apache.commons.lang3.math.NumberUtilsTest" name="testMinInt_nullArray"/>
  <testcase time="0" classname="org.apache.commons.lang3.math.NumberUtilsTest" name="testMinInt_emptyArray"/>
  <testcase time="0" classname="org.apache.commons.lang3.math.NumberUtilsTest" name="testMinInt"/>
  <testcase time="0.001" classname="org.apache.commons.lang3.math.NumberUtilsTest" name="testMinShort_nullArray"/>
  <testcase time="0" classname="org.apache.commons.lang3.math.NumberUtilsTest" name="testMinShort_emptyArray"/>
  <testcase time="0" classname="org.apache.commons.lang3.math.NumberUtilsTest" name="testMinShort"/>
  <testcase time="0" classname="org.apache.commons.lang3.math.NumberUtilsTest" name="testMinByte_nullArray"/>
  <testcase time="0" classname="org.apache.commons.lang3.math.NumberUtilsTest" name="testMinByte_emptyArray"/>
  <testcase time="0" classname="org.apache.commons.lang3.math.NumberUtilsTest" name="testMinByte"/>
  <testcase time="0" classname="org.apache.commons.lang3.math.NumberUtilsTest" name="testMinDouble_nullArray"/>
  <testcase time="0" classname="org.apache.commons.lang3.math.NumberUtilsTest" name="testMinDouble_emptyArray"/>
  <testcase time="0" classname="org.apache.commons.lang3.math.NumberUtilsTest" name="testMinDouble"/>
  <testcase time="0" classname="org.apache.commons.lang3.math.NumberUtilsTest" name="testMinFloat_nullArray"/>
  <testcase time="0" classname="org.apache.commons.lang3.math.NumberUtilsTest" name="testMinFloat_emptyArray"/>
  <testcase time="0" classname="org.apache.commons.lang3.math.NumberUtilsTest" name="testMinFloat"/>
  <testcase time="0" classname="org.apache.commons.lang3.math.NumberUtilsTest" name="testMaxLong_nullArray"/>
  <testcase time="0" classname="org.apache.commons.lang3.math.NumberUtilsTest" name="testMaxLong_emptyArray"/>
  <testcase time="0" classname="org.apache.commons.lang3.math.NumberUtilsTest" name="testMaxLong"/>
  <testcase time="0" classname="org.apache.commons.lang3.math.NumberUtilsTest" name="testMaxInt_nullArray"/>
  <testcase time="0" classname="org.apache.commons.lang3.math.NumberUtilsTest" name="testMaxInt_emptyArray"/>
  <testcase time="0" classname="org.apache.commons.lang3.math.NumberUtilsTest" name="testMaxInt"/>
  <testcase time="0" classname="org.apache.commons.lang3.math.NumberUtilsTest" name="testMaxShort_nullArray"/>
  <testcase time="0" classname="org.apache.commons.lang3.math.NumberUtilsTest" name="testMaxShort_emptyArray"/>
  <testcase time="0" classname="org.apache.commons.lang3.math.NumberUtilsTest" name="testMaxShort"/>
  <testcase time="0" classname="org.apache.commons.lang3.math.NumberUtilsTest" name="testMaxByte_nullArray"/>
  <testcase time="0" classname="org.apache.commons.lang3.math.NumberUtilsTest" name="testMaxByte_emptyArray"/>
  <testcase time="0" classname="org.apache.commons.lang3.math.NumberUtilsTest" name="testMaxByte"/>
  <testcase time="0" classname="org.apache.commons.lang3.math.NumberUtilsTest" name="testMaxDouble_nullArray"/>
  <testcase time="0" classname="org.apache.commons.lang3.math.NumberUtilsTest" name="testMaxDouble_emptyArray"/>
  <testcase time="0" classname="org.apache.commons.lang3.math.NumberUtilsTest" name="testMaxDouble"/>
  <testcase time="0" classname="org.apache.commons.lang3.math.NumberUtilsTest" name="testMaxFloat_nullArray"/>
  <testcase time="0" classname="org.apache.commons.lang3.math.NumberUtilsTest" name="testMaxFloat_emptyArray"/>
  <testcase time="0" classname="org.apache.commons.lang3.math.NumberUtilsTest" name="testMaxFloat"/>
  <testcase time="0" classname="org.apache.commons.lang3.math.NumberUtilsTest" name="testMinimumLong"/>
  <testcase time="0" classname="org.apache.commons.lang3.math.NumberUtilsTest" name="testMinimumInt"/>
  <testcase time="0" classname="org.apache.commons.lang3.math.NumberUtilsTest" name="testMinimumShort"/>
  <testcase time="0" classname="org.apache.commons.lang3.math.NumberUtilsTest" name="testMinimumByte"/>
  <testcase time="0" classname="org.apache.commons.lang3.math.NumberUtilsTest" name="testMinimumDouble"/>
  <testcase time="0" classname="org.apache.commons.lang3.math.NumberUtilsTest" name="testMinimumFloat"/>
  <testcase time="0" classname="org.apache.commons.lang3.math.NumberUtilsTest" name="testMaximumLong"/>
  <testcase time="0" classname="org.apache.commons.lang3.math.NumberUtilsTest" name="testMaximumInt"/>
  <testcase time="0" classname="org.apache.commons.lang3.math.NumberUtilsTest" name="testMaximumShort"/>
  <testcase time="0" classname="org.apache.commons.lang3.math.NumberUtilsTest" name="testMaximumByte"/>
  <testcase time="0" classname="org.apache.commons.lang3.math.NumberUtilsTest" name="testMaximumDouble"/>
  <testcase time="0" classname="org.apache.commons.lang3.math.NumberUtilsTest" name="testMaximumFloat"/>
  <testcase time="0" classname="org.apache.commons.lang3.math.NumberUtilsTest" name="testCompareDouble"/>
  <testcase time="0" classname="org.apache.commons.lang3.math.NumberUtilsTest" name="testCompareFloat"/>
  <testcase time="0" classname="org.apache.commons.lang3.math.NumberUtilsTest" name="testIsDigits"/>
  <testcase time="0" classname="org.apache.commons.lang3.math.NumberUtilsTest" name="testIsNumber"/>
  <testcase time="0" classname="org.apache.commons.lang3.math.NumberUtilsTest" name="testConstants"/>
  <testcase time="0" classname="org.apache.commons.lang3.math.NumberUtilsTest" name="testLang300"/>
  <testcase time="0" classname="org.apache.commons.lang3.math.NumberUtilsTest" name="testLang381"/>
</testsuite>