<?xml version="1.0" encoding="UTF-8" ?>
<testsuite failures="0" time="0.074" errors="0" skipped="0" tests="38" name="org.apache.commons.lang3.time.DateUtilsTest">
  <properties>
[...]
</properties>
  <testcase time="0.002" classname="org.apache.commons.lang3.time.DateUtilsTest" name="testConstructor"/>
  <testcase time="0.001" classname="org.apache.commons.lang3.time.DateUtilsTest" name="testIsSameLocalTime_Cal"/>
  <testcase time="0.001" classname="org.apache.commons.lang3.time.DateUtilsTest" name="testParseDate"/>
  <testcase time="0.001" classname="org.apache.commons.lang3.time.DateUtilsTest" name="testParseDateWithLeniency"/>
  <testcase time="0.001" classname="org.apache.commons.lang3.time.DateUtilsTest" name="testAddYears"/>
  <testcase time="0.001" classname="org.apache.commons.lang3.time.DateUtilsTest" name="testAddMonths"/>
  <testcase time="0.001" classname="org.apache.commons.lang3.time.DateUtilsTest" name="testAddWeeks"/>
  <testcase time="0.001" classname="org.apache.commons.lang3.time.DateUtilsTest" name="testAddDays"/>
  <testcase time="0.001" classname="org.apache.commons.lang3.time.DateUtilsTest" name="testAddHours"/>
  <testcase time="0.001" classname="org.apache.commons.lang3.time.DateUtilsTest" name="testAddMinutes"/>
  <testcase time="0.001" classname="org.apache.commons.lang3.time.DateUtilsTest" name="testAddSeconds"/>
  <testcase time="0.001" classname="org.apache.commons.lang3.time.DateUtilsTest" name="testAddMilliseconds"/>
  <testcase time="0.001" classname="org.apache.commons.lang3.time.DateUtilsTest" name="testSetYears"/>
  <testcase time="0.001" classname="org.apache.commons.lang3.time.DateUtilsTest" name="testSetMonths"/>
  <testcase time="0.001" classname="org.apache.commons.lang3.time.DateUtilsTest" name="testSetDays"/>
  <testcase time="0.001" classname="org.apache.commons.lang3.time.DateUtilsTest" name="testSetHours"/>
  <testcase time="0.001" classname="org.apache.commons.lang3.time.DateUtilsTest" name="testSetMinutes"/>
  <testcase time="0.001" classname="org.apache.commons.lang3.time.DateUtilsTest" name="testSetSeconds"/>
  <testcase time="0.001" classname="org.apache.commons.lang3.time.DateUtilsTest" name="testSetMilliseconds"/>
  <testcase time="0" classname="org.apache.commons.lang3.time.DateUtilsTest" name="testToCalendar"/>
  <testcase time="0.009" classname="org.apache.commons.lang3.time.DateUtilsTest" name="testRound"/>
  <testcase time="0.001" classname="org.apache.commons.lang3.time.DateUtilsTest" name="testRoundLang346"/>
  <testcase time="0.005" classname="org.apache.commons.lang3.time.DateUtilsTest" name="testTruncate"/>
  <testcase time="0.001" classname="org.apache.commons.lang3.time.DateUtilsTest" name="testTruncateLang59"/>
  <testcase time="0.015" classname="org.apache.commons.lang3.time.DateUtilsTest" name="testLang530"/>
  <testcase time="0.004" classname="org.apache.commons.lang3.time.DateUtilsTest" name="testCeil"/>
  <testcase time="0" classname="org.apache.commons.lang3.time.DateUtilsTest" name="testIteratorEx"/>
  <testcase time="0.009" classname="org.apache.commons.lang3.time.DateUtilsTest" name="testWeekIterator"/>
  <testcase time="0.004" classname="org.apache.commons.lang3.time.DateUtilsTest" name="testMonthIterator"/>
  <testcase time="0.001" classname="org.apache.commons.lang3.time.DateUtilsTest" name="testLANG799_EN_OK"/>
  <testcase time="0.001" classname="org.apache.commons.lang3.time.DateUtilsTest" name="testLANG799_EN_FAIL"/>
  <testcase time="0" classname="org.apache.commons.lang3.time.DateUtilsTest" name="testLANG799_DE_OK"/>
  <testcase time="0" classname="org.apache.commons.lang3.time.DateUtilsTest" name="testLANG799_DE_FAIL"/>
  <testcase time="0.001" classname="org.apache.commons.lang3.time.DateUtilsTest" name="testLANG799_EN_WITH_DE_LOCALE"/>
  <testcase time="0.001" classname="org.apache.commons.lang3.time.DateUtilsTest" name="testIsSameDay_Date"/>
  <testcase time="0" classname="org.apache.commons.lang3.time.DateUtilsTest" name="testIsSameDay_Cal"/>
  <testcase time="0.001" classname="org.apache.commons.lang3.time.DateUtilsTest" name="testIsSameInstant_Date"/>
  <testcase time="0.001" classname="org.apache.commons.lang3.time.DateUtilsTest" name="testIsSameInstant_Cal"/>
</testsuite>